<?xml version="1.0" encoding="UTF-8"?>
<testng-results ignored="0" total="1" passed="1" failed="0" skipped="0">
  <reporter-output>
  </reporter-output>
  <suite started-at="2023-08-23T12:24:25 IST" name="Default suite" finished-at="2023-08-23T12:24:36 IST" duration-ms="10711">
    <groups>
    </groups>
    <test started-at="2023-08-23T12:24:25 IST" name="Default test" finished-at="2023-08-23T12:24:36 IST" duration-ms="10711">
      <class name="test_Scripts.LoginTest">
        <test-method is-config="true" signature="beforeSuit()[pri:0, instance:test_Scripts.LoginTest@498d318c]" started-at="2023-08-23T12:24:25 IST" name="beforeSuit" finished-at="2023-08-23T12:24:25 IST" duration-ms="219" status="PASS">
          <reporter-output>
          </reporter-output>
        </test-method> <!-- beforeSuit -->
        <test-method is-config="true" signature="browserSetup()[pri:0, instance:test_Scripts.LoginTest@498d318c]" started-at="2023-08-23T12:24:25 IST" name="browserSetup" finished-at="2023-08-23T12:24:33 IST" duration-ms="7232" status="PASS">
          <reporter-output>
          </reporter-output>
        </test-method> <!-- browserSetup -->
        <test-method is-config="true" signature="setup(java.lang.reflect.Method)[pri:0, instance:test_Scripts.LoginTest@498d318c]" started-at="2023-08-23T12:24:33 IST" name="setup" finished-at="2023-08-23T12:24:33 IST" duration-ms="3" status="PASS">
          <params>
            <param index="0">
              <value>
                <![CDATA[public void test_Scripts.LoginTest.login_TestCase() throws java.lang.Throwable]]>
              </value>
            </param>
          </params>
          <reporter-output>
          </reporter-output>
        </test-method> <!-- setup -->
        <test-method signature="login_TestCase()[pri:0, instance:test_Scripts.LoginTest@498d318c]" started-at="2023-08-23T12:24:33 IST" name="login_TestCase" finished-at="2023-08-23T12:24:36 IST" duration-ms="3194" status="PASS">
          <reporter-output>
          </reporter-output>
        </test-method> <!-- login_TestCase -->
        <test-method is-config="true" signature="CloseApp()[pri:0, instance:test_Scripts.LoginTest@498d318c]" started-at="2023-08-23T12:24:36 IST" name="CloseApp" finished-at="2023-08-23T12:24:36 IST" duration-ms="229" status="PASS">
          <reporter-output>
          </reporter-output>
        </test-method> <!-- CloseApp -->
        <test-method is-config="true" signature="afterSuite()[pri:0, instance:test_Scripts.LoginTest@498d318c]" started-at="2023-08-23T12:24:36 IST" name="afterSuite" finished-at="2023-08-23T12:24:37 IST" duration-ms="561" status="PASS">
          <reporter-output>
          </reporter-output>
        </test-method> <!-- afterSuite -->
      </class> <!-- test_Scripts.LoginTest -->
    </test> <!-- Default test -->
  </suite> <!-- Default suite -->
</testng-results>
